<?xml version="1.0" encoding="UTF-8"?>
<testng-results skipped="3" failed="0" total="4" passed="1">
  <reporter-output>
  </reporter-output>
  <suite name="Final Flow" duration-ms="19354" started-at="2017-12-14T07:19:08Z" finished-at="2017-12-14T07:19:27Z">
    <groups>
    </groups>
    <test name="STEP 01" duration-ms="8772" started-at="2017-12-14T07:19:08Z" finished-at="2017-12-14T07:19:17Z">
      <class name="com.bimaone.application.login.Login">
        <test-method status="FAIL" signature="initiatedriver()[pri:0, instance:com.bimaone.application.login.Login@15d9bc04]" name="initiatedriver" is-config="true" duration-ms="0" started-at="2017-12-14T12:49:08Z" finished-at="2017-12-14T12:49:08Z">
          <exception class="java.lang.NullPointerException">
            <message>
              <![CDATA[null value in entry: url=null]]>
            </message>
            <full-stacktrace>
              <![CDATA[java.lang.NullPointerException: null value in entry: url=null
	at com.google.common.collect.CollectPreconditions.checkEntryNotNull(CollectPreconditions.java:33)
	at com.google.common.collect.SingletonImmutableBiMap.<init>(SingletonImmutableBiMap.java:39)
	at com.google.common.collect.ImmutableBiMap.of(ImmutableBiMap.java:49)
	at com.google.common.collect.ImmutableMap.of(ImmutableMap.java:70)
	at org.openqa.selenium.remote.RemoteWebDriver.get(RemoteWebDriver.java:316)
	at com.bimaone.application.login.Login.initiatedriver(Login.java:27)
	at sun.reflect.NativeMethodAccessorImpl.invoke0(Native Method)
	at sun.reflect.NativeMethodAccessorImpl.invoke(NativeMethodAccessorImpl.java:62)
	at sun.reflect.DelegatingMethodAccessorImpl.invoke(DelegatingMethodAccessorImpl.java:43)
	at java.lang.reflect.Method.invoke(Method.java:498)
	at org.testng.internal.MethodInvocationHelper.invokeMethod(MethodInvocationHelper.java:86)
	at org.testng.internal.Invoker.invokeConfigurationMethod(Invoker.java:514)
	at org.testng.internal.Invoker.invokeConfigurations(Invoker.java:215)
	at org.testng.internal.Invoker.invokeConfigurations(Invoker.java:142)
	at org.testng.TestRunner.beforeRun(TestRunner.java:656)
	at org.testng.TestRunner.run(TestRunner.java:624)
	at org.testng.SuiteRunner.runTest(SuiteRunner.java:366)
	at org.testng.SuiteRunner.runSequentially(SuiteRunner.java:361)
	at org.testng.SuiteRunner.privateRun(SuiteRunner.java:319)
	at org.testng.SuiteRunner.run(SuiteRunner.java:268)
	at org.testng.SuiteRunnerWorker.runSuite(SuiteRunnerWorker.java:52)
	at org.testng.SuiteRunnerWorker.run(SuiteRunnerWorker.java:86)
	at org.testng.TestNG.runSuitesSequentially(TestNG.java:1244)
	at org.testng.TestNG.runSuitesLocally(TestNG.java:1169)
	at org.testng.TestNG.run(TestNG.java:1064)
	at org.testng.remote.AbstractRemoteTestNG.run(AbstractRemoteTestNG.java:114)
	at org.testng.remote.RemoteTestNG.initAndRun(RemoteTestNG.java:251)
	at org.testng.remote.RemoteTestNG.main(RemoteTestNG.java:77)
]]>
            </full-stacktrace>
          </exception> <!-- java.lang.NullPointerException -->
          <reporter-output>
          </reporter-output>
        </test-method> <!-- initiatedriver -->
        <test-method status="SKIP" signature="callLoginTCs()[pri:0, instance:com.bimaone.application.login.Login@15d9bc04]" name="callLoginTCs" duration-ms="1" started-at="2017-12-14T12:49:17Z" finished-at="2017-12-14T12:49:17Z">
          <reporter-output>
          </reporter-output>
        </test-method> <!-- callLoginTCs -->
        <test-method status="SKIP" signature="finish()[pri:0, instance:com.bimaone.application.login.Login@15d9bc04]" name="finish" is-config="true" duration-ms="0" started-at="2017-12-14T12:49:17Z" finished-at="2017-12-14T12:49:17Z">
          <reporter-output>
          </reporter-output>
        </test-method> <!-- finish -->
      </class> <!-- com.bimaone.application.login.Login -->
    </test> <!-- STEP 01 -->
    <test name="STEP 02" duration-ms="9467" started-at="2017-12-14T07:19:18Z" finished-at="2017-12-14T07:19:27Z">
      <class name="com.bimaone.application.welcomecall.WelcomeCall">
        <test-method status="PASS" signature="initiatedriver()[pri:0, instance:com.bimaone.application.welcomecall.WelcomeCall@f0f2775]" name="initiatedriver" is-config="true" duration-ms="4" started-at="2017-12-14T12:49:18Z" finished-at="2017-12-14T12:49:18Z">
          <reporter-output>
          </reporter-output>
        </test-method> <!-- initiatedriver -->
        <test-method status="PASS" signature="callentryTCs()[pri:0, instance:com.bimaone.application.welcomecall.WelcomeCall@f0f2775]" name="callentryTCs" duration-ms="9102" started-at="2017-12-14T12:49:18Z" finished-at="2017-12-14T12:49:27Z">
          <reporter-output>
          </reporter-output>
        </test-method> <!-- callentryTCs -->
        <test-method status="PASS" signature="finish()[pri:0, instance:com.bimaone.application.welcomecall.WelcomeCall@f0f2775]" name="finish" is-config="true" duration-ms="354" started-at="2017-12-14T12:49:27Z" finished-at="2017-12-14T12:49:27Z">
          <reporter-output>
          </reporter-output>
        </test-method> <!-- finish -->
      </class> <!-- com.bimaone.application.welcomecall.WelcomeCall -->
    </test> <!-- STEP 02 -->
    <test name="STEP 03" duration-ms="15" started-at="2017-12-14T07:19:27Z" finished-at="2017-12-14T07:19:27Z">
      <class name="com.bimaone.application.callEntry.CallEntry">
        <test-method status="FAIL" signature="initiatedriver()[pri:0, instance:com.bimaone.application.callEntry.CallEntry@4450d156]" name="initiatedriver" is-config="true" duration-ms="0" started-at="2017-12-14T12:49:27Z" finished-at="2017-12-14T12:49:27Z">
          <exception class="java.lang.IllegalArgumentException">
            <message>
              <![CDATA[Cannot find elements when the XPath expression is null.]]>
            </message>
            <full-stacktrace>
              <![CDATA[java.lang.IllegalArgumentException: Cannot find elements when the XPath expression is null.
	at org.openqa.selenium.By.xpath(By.java:113)
	at com.bimaone.application.callEntry.CallEntry.initiatedriver(CallEntry.java:31)
	at sun.reflect.NativeMethodAccessorImpl.invoke0(Native Method)
	at sun.reflect.NativeMethodAccessorImpl.invoke(NativeMethodAccessorImpl.java:62)
	at sun.reflect.DelegatingMethodAccessorImpl.invoke(DelegatingMethodAccessorImpl.java:43)
	at java.lang.reflect.Method.invoke(Method.java:498)
	at org.testng.internal.MethodInvocationHelper.invokeMethod(MethodInvocationHelper.java:86)
	at org.testng.internal.Invoker.invokeConfigurationMethod(Invoker.java:514)
	at org.testng.internal.Invoker.invokeConfigurations(Invoker.java:215)
	at org.testng.internal.Invoker.invokeConfigurations(Invoker.java:142)
	at org.testng.TestRunner.beforeRun(TestRunner.java:656)
	at org.testng.TestRunner.run(TestRunner.java:624)
	at org.testng.SuiteRunner.runTest(SuiteRunner.java:366)
	at org.testng.SuiteRunner.runSequentially(SuiteRunner.java:361)
	at org.testng.SuiteRunner.privateRun(SuiteRunner.java:319)
	at org.testng.SuiteRunner.run(SuiteRunner.java:268)
	at org.testng.SuiteRunnerWorker.runSuite(SuiteRunnerWorker.java:52)
	at org.testng.SuiteRunnerWorker.run(SuiteRunnerWorker.java:86)
	at org.testng.TestNG.runSuitesSequentially(TestNG.java:1244)
	at org.testng.TestNG.runSuitesLocally(TestNG.java:1169)
	at org.testng.TestNG.run(TestNG.java:1064)
	at org.testng.remote.AbstractRemoteTestNG.run(AbstractRemoteTestNG.java:114)
	at org.testng.remote.RemoteTestNG.initAndRun(RemoteTestNG.java:251)
	at org.testng.remote.RemoteTestNG.main(RemoteTestNG.java:77)
]]>
            </full-stacktrace>
          </exception> <!-- java.lang.IllegalArgumentException -->
          <reporter-output>
          </reporter-output>
        </test-method> <!-- initiatedriver -->
        <test-method status="SKIP" signature="callentryTCs()[pri:0, instance:com.bimaone.application.callEntry.CallEntry@4450d156]" name="callentryTCs" duration-ms="1" started-at="2017-12-14T12:49:27Z" finished-at="2017-12-14T12:49:27Z">
          <reporter-output>
          </reporter-output>
        </test-method> <!-- callentryTCs -->
        <test-method status="SKIP" signature="finish()[pri:0, instance:com.bimaone.application.callEntry.CallEntry@4450d156]" name="finish" is-config="true" duration-ms="0" started-at="2017-12-14T12:49:27Z" finished-at="2017-12-14T12:49:27Z">
          <reporter-output>
          </reporter-output>
        </test-method> <!-- finish -->
      </class> <!-- com.bimaone.application.callEntry.CallEntry -->
    </test> <!-- STEP 03 -->
    <test name="STEP 04" duration-ms="15" started-at="2017-12-14T07:19:27Z" finished-at="2017-12-14T07:19:27Z">
      <class name="com.bimaone.application.pendingconsultation.PendingConsultation">
        <test-method status="FAIL" signature="initiatedriver()[pri:0, instance:com.bimaone.application.pendingconsultation.PendingConsultation@255b53dc]" name="initiatedriver" is-config="true" duration-ms="0" started-at="2017-12-14T12:49:27Z" finished-at="2017-12-14T12:49:27Z">
          <exception class="java.lang.IllegalArgumentException">
            <message>
              <![CDATA[Cannot find elements when the XPath expression is null.]]>
            </message>
            <full-stacktrace>
              <![CDATA[java.lang.IllegalArgumentException: Cannot find elements when the XPath expression is null.
	at org.openqa.selenium.By.xpath(By.java:113)
	at com.bimaone.application.pendingconsultation.PendingConsultation.initiatedriver(PendingConsultation.java:29)
	at sun.reflect.NativeMethodAccessorImpl.invoke0(Native Method)
	at sun.reflect.NativeMethodAccessorImpl.invoke(NativeMethodAccessorImpl.java:62)
	at sun.reflect.DelegatingMethodAccessorImpl.invoke(DelegatingMethodAccessorImpl.java:43)
	at java.lang.reflect.Method.invoke(Method.java:498)
	at org.testng.internal.MethodInvocationHelper.invokeMethod(MethodInvocationHelper.java:86)
	at org.testng.internal.Invoker.invokeConfigurationMethod(Invoker.java:514)
	at org.testng.internal.Invoker.invokeConfigurations(Invoker.java:215)
	at org.testng.internal.Invoker.invokeConfigurations(Invoker.java:142)
	at org.testng.TestRunner.beforeRun(TestRunner.java:656)
	at org.testng.TestRunner.run(TestRunner.java:624)
	at org.testng.SuiteRunner.runTest(SuiteRunner.java:366)
	at org.testng.SuiteRunner.runSequentially(SuiteRunner.java:361)
	at org.testng.SuiteRunner.privateRun(SuiteRunner.java:319)
	at org.testng.SuiteRunner.run(SuiteRunner.java:268)
	at org.testng.SuiteRunnerWorker.runSuite(SuiteRunnerWorker.java:52)
	at org.testng.SuiteRunnerWorker.run(SuiteRunnerWorker.java:86)
	at org.testng.TestNG.runSuitesSequentially(TestNG.java:1244)
	at org.testng.TestNG.runSuitesLocally(TestNG.java:1169)
	at org.testng.TestNG.run(TestNG.java:1064)
	at org.testng.remote.AbstractRemoteTestNG.run(AbstractRemoteTestNG.java:114)
	at org.testng.remote.RemoteTestNG.initAndRun(RemoteTestNG.java:251)
	at org.testng.remote.RemoteTestNG.main(RemoteTestNG.java:77)
]]>
            </full-stacktrace>
          </exception> <!-- java.lang.IllegalArgumentException -->
          <reporter-output>
          </reporter-output>
        </test-method> <!-- initiatedriver -->
        <test-method status="SKIP" signature="callentryTCs()[pri:0, instance:com.bimaone.application.pendingconsultation.PendingConsultation@255b53dc]" name="callentryTCs" duration-ms="1" started-at="2017-12-14T12:49:27Z" finished-at="2017-12-14T12:49:27Z">
          <reporter-output>
          </reporter-output>
        </test-method> <!-- callentryTCs -->
        <test-method status="SKIP" signature="finish()[pri:0, instance:com.bimaone.application.pendingconsultation.PendingConsultation@255b53dc]" name="finish" is-config="true" duration-ms="0" started-at="2017-12-14T12:49:27Z" finished-at="2017-12-14T12:49:27Z">
          <reporter-output>
          </reporter-output>
        </test-method> <!-- finish -->
      </class> <!-- com.bimaone.application.pendingconsultation.PendingConsultation -->
    </test> <!-- STEP 04 -->
  </suite> <!-- Final Flow -->
</testng-results>
